[debug] [2024-12-24T13:26:59.614Z] ----------------------------------------------------------------------
[debug] [2024-12-24T13:26:59.617Z] Command:       /opt/homebrew/Cellar/node/23.1.0_1/bin/node /opt/homebrew/bin/firebase deploy
[debug] [2024-12-24T13:26:59.617Z] CLI Version:   13.27.0
[debug] [2024-12-24T13:26:59.617Z] Platform:      darwin
[debug] [2024-12-24T13:26:59.617Z] Node Version:  v23.1.0
[debug] [2024-12-24T13:26:59.617Z] Time:          Tue Dec 24 2024 14:26:59 GMT+0100 (Central European Standard Time)
[debug] [2024-12-24T13:26:59.617Z] ----------------------------------------------------------------------
[debug] 
[debug] [2024-12-24T13:26:59.619Z] >>> [apiv2][query] GET https://firebase-public.firebaseio.com/cli.json [none]
[debug] [2024-12-24T13:26:59.673Z] Object "" in "firebase.json" has unknown property: {"additionalProperty":"rewrites"}
[debug] [2024-12-24T13:26:59.676Z] > command requires scopes: ["email","openid","https://www.googleapis.com/auth/cloudplatformprojects.readonly","https://www.googleapis.com/auth/firebase","https://www.googleapis.com/auth/cloud-platform"]
[debug] [2024-12-24T13:26:59.676Z] > authorizing via signed-in user (bohacradim01@gmail.com)
[debug] [2024-12-24T13:26:59.676Z] [iam] checking project sushi-configurator for permissions ["cloudfunctions.functions.create","cloudfunctions.functions.delete","cloudfunctions.functions.get","cloudfunctions.functions.list","cloudfunctions.functions.update","cloudfunctions.operations.get","firebase.projects.get","firebasehosting.sites.update"]
[debug] [2024-12-24T13:26:59.676Z] Checked if tokens are valid: false, expires at: 1734007764563
[debug] [2024-12-24T13:26:59.677Z] Checked if tokens are valid: false, expires at: 1734007764563
[debug] [2024-12-24T13:26:59.677Z] > refreshing access token with scopes: []
[debug] [2024-12-24T13:26:59.677Z] >>> [apiv2][query] POST https://www.googleapis.com/oauth2/v3/token [none]
[debug] [2024-12-24T13:26:59.677Z] >>> [apiv2][body] POST https://www.googleapis.com/oauth2/v3/token [omitted]
[debug] [2024-12-24T13:26:59.836Z] <<< [apiv2][status] POST https://www.googleapis.com/oauth2/v3/token 200
[debug] [2024-12-24T13:26:59.836Z] <<< [apiv2][body] POST https://www.googleapis.com/oauth2/v3/token [omitted]
[debug] [2024-12-24T13:26:59.850Z] >>> [apiv2][query] POST https://cloudresourcemanager.googleapis.com/v1/projects/sushi-configurator:testIamPermissions [none]
[debug] [2024-12-24T13:26:59.850Z] >>> [apiv2][(partial)header] POST https://cloudresourcemanager.googleapis.com/v1/projects/sushi-configurator:testIamPermissions x-goog-quota-user=projects/sushi-configurator
[debug] [2024-12-24T13:26:59.850Z] >>> [apiv2][body] POST https://cloudresourcemanager.googleapis.com/v1/projects/sushi-configurator:testIamPermissions {"permissions":["cloudfunctions.functions.create","cloudfunctions.functions.delete","cloudfunctions.functions.get","cloudfunctions.functions.list","cloudfunctions.functions.update","cloudfunctions.operations.get","firebase.projects.get","firebasehosting.sites.update"]}
[debug] [2024-12-24T13:27:00.006Z] <<< [apiv2][status] GET https://firebase-public.firebaseio.com/cli.json 200
[debug] [2024-12-24T13:27:00.008Z] <<< [apiv2][body] GET https://firebase-public.firebaseio.com/cli.json {"cloudBuildErrorAfter":1594252800000,"cloudBuildWarnAfter":1590019200000,"defaultNode10After":1594252800000,"minVersion":"3.0.5","node8DeploysDisabledAfter":1613390400000,"node8RuntimeDisabledAfter":1615809600000,"node8WarnAfter":1600128000000}
[debug] [2024-12-24T13:27:00.633Z] <<< [apiv2][status] POST https://cloudresourcemanager.googleapis.com/v1/projects/sushi-configurator:testIamPermissions 200
[debug] [2024-12-24T13:27:00.633Z] <<< [apiv2][body] POST https://cloudresourcemanager.googleapis.com/v1/projects/sushi-configurator:testIamPermissions {"permissions":["cloudfunctions.functions.create","cloudfunctions.functions.delete","cloudfunctions.functions.get","cloudfunctions.functions.list","cloudfunctions.functions.update","cloudfunctions.operations.get","firebase.projects.get","firebasehosting.sites.update"]}
[debug] [2024-12-24T13:27:00.633Z] Checked if tokens are valid: true, expires at: 1735050418836
[debug] [2024-12-24T13:27:00.633Z] Checked if tokens are valid: true, expires at: 1735050418836
[debug] [2024-12-24T13:27:00.633Z] >>> [apiv2][query] POST https://iam.googleapis.com/v1/projects/sushi-configurator/serviceAccounts/sushi-configurator@appspot.gserviceaccount.com:testIamPermissions [none]
[debug] [2024-12-24T13:27:00.634Z] >>> [apiv2][body] POST https://iam.googleapis.com/v1/projects/sushi-configurator/serviceAccounts/sushi-configurator@appspot.gserviceaccount.com:testIamPermissions {"permissions":["iam.serviceAccounts.actAs"]}
[debug] [2024-12-24T13:27:01.416Z] <<< [apiv2][status] POST https://iam.googleapis.com/v1/projects/sushi-configurator/serviceAccounts/sushi-configurator@appspot.gserviceaccount.com:testIamPermissions 200
[debug] [2024-12-24T13:27:01.416Z] <<< [apiv2][body] POST https://iam.googleapis.com/v1/projects/sushi-configurator/serviceAccounts/sushi-configurator@appspot.gserviceaccount.com:testIamPermissions {"permissions":["iam.serviceAccounts.actAs"]}
[debug] [2024-12-24T13:27:01.417Z] Checked if tokens are valid: true, expires at: 1735050418836
[debug] [2024-12-24T13:27:01.417Z] Checked if tokens are valid: true, expires at: 1735050418836
[debug] [2024-12-24T13:27:01.417Z] >>> [apiv2][query] GET https://firebase.googleapis.com/v1beta1/projects/sushi-configurator [none]
[debug] [2024-12-24T13:27:01.761Z] <<< [apiv2][status] GET https://firebase.googleapis.com/v1beta1/projects/sushi-configurator 200
[debug] [2024-12-24T13:27:01.762Z] <<< [apiv2][body] GET https://firebase.googleapis.com/v1beta1/projects/sushi-configurator {"projectId":"sushi-configurator","projectNumber":"242810024741","displayName":"sushi-configurator","name":"projects/sushi-configurator","resources":{"hostingSite":"sushi-configurator","realtimeDatabaseInstance":"sushi-configurator-default-rtdb"},"state":"ACTIVE","etag":"1_7c39874c-1893-4841-99ec-55c605ed2360"}
[info] 
[info] === Deploying to 'sushi-configurator'...
[info] 
[info] i  deploying functions, hosting 
[debug] [2024-12-24T13:27:01.766Z] Checked if tokens are valid: true, expires at: 1735050418836
[debug] [2024-12-24T13:27:01.766Z] Checked if tokens are valid: true, expires at: 1735050418836
[debug] [2024-12-24T13:27:01.766Z] >>> [apiv2][query] GET https://cloudresourcemanager.googleapis.com/v1/projects/sushi-configurator [none]
[debug] [2024-12-24T13:27:01.987Z] <<< [apiv2][status] GET https://cloudresourcemanager.googleapis.com/v1/projects/sushi-configurator 200
[debug] [2024-12-24T13:27:01.988Z] <<< [apiv2][body] GET https://cloudresourcemanager.googleapis.com/v1/projects/sushi-configurator {"projectNumber":"242810024741","projectId":"sushi-configurator","lifecycleState":"ACTIVE","name":"sushi-configurator","labels":{"firebase":"enabled"},"createTime":"2024-11-14T08:35:24.254673Z"}
[info] i  functions: preparing codebase default for deployment 
[info] i  functions: ensuring required API cloudfunctions.googleapis.com is enabled... 
[debug] [2024-12-24T13:27:01.989Z] Checked if tokens are valid: true, expires at: 1735050418836
[debug] [2024-12-24T13:27:01.989Z] Checked if tokens are valid: true, expires at: 1735050418836
[debug] [2024-12-24T13:27:01.989Z] Checked if tokens are valid: true, expires at: 1735050418836
[debug] [2024-12-24T13:27:01.989Z] Checked if tokens are valid: true, expires at: 1735050418836
[info] i  functions: ensuring required API cloudbuild.googleapis.com is enabled... 
[debug] [2024-12-24T13:27:01.990Z] Checked if tokens are valid: true, expires at: 1735050418836
[debug] [2024-12-24T13:27:01.990Z] Checked if tokens are valid: true, expires at: 1735050418836
[info] i  artifactregistry: ensuring required API artifactregistry.googleapis.com is enabled... 
[debug] [2024-12-24T13:27:01.990Z] Checked if tokens are valid: true, expires at: 1735050418836
[debug] [2024-12-24T13:27:01.990Z] Checked if tokens are valid: true, expires at: 1735050418836
[debug] [2024-12-24T13:27:01.990Z] >>> [apiv2][query] GET https://serviceusage.googleapis.com/v1/projects/sushi-configurator/services/cloudfunctions.googleapis.com [none]
[debug] [2024-12-24T13:27:01.990Z] >>> [apiv2][(partial)header] GET https://serviceusage.googleapis.com/v1/projects/sushi-configurator/services/cloudfunctions.googleapis.com x-goog-quota-user=projects/sushi-configurator
[debug] [2024-12-24T13:27:01.991Z] >>> [apiv2][query] GET https://serviceusage.googleapis.com/v1/projects/sushi-configurator/services/runtimeconfig.googleapis.com [none]
[debug] [2024-12-24T13:27:01.991Z] >>> [apiv2][(partial)header] GET https://serviceusage.googleapis.com/v1/projects/sushi-configurator/services/runtimeconfig.googleapis.com x-goog-quota-user=projects/sushi-configurator
[debug] [2024-12-24T13:27:01.992Z] >>> [apiv2][query] GET https://serviceusage.googleapis.com/v1/projects/sushi-configurator/services/cloudbuild.googleapis.com [none]
[debug] [2024-12-24T13:27:01.992Z] >>> [apiv2][(partial)header] GET https://serviceusage.googleapis.com/v1/projects/sushi-configurator/services/cloudbuild.googleapis.com x-goog-quota-user=projects/sushi-configurator
[debug] [2024-12-24T13:27:01.993Z] >>> [apiv2][query] GET https://serviceusage.googleapis.com/v1/projects/sushi-configurator/services/artifactregistry.googleapis.com [none]
[debug] [2024-12-24T13:27:01.993Z] >>> [apiv2][(partial)header] GET https://serviceusage.googleapis.com/v1/projects/sushi-configurator/services/artifactregistry.googleapis.com x-goog-quota-user=projects/sushi-configurator
[debug] [2024-12-24T13:27:02.954Z] <<< [apiv2][status] GET https://serviceusage.googleapis.com/v1/projects/sushi-configurator/services/cloudfunctions.googleapis.com 200
[debug] [2024-12-24T13:27:02.954Z] <<< [apiv2][body] GET https://serviceusage.googleapis.com/v1/projects/sushi-configurator/services/cloudfunctions.googleapis.com [omitted]
[info] ✔  functions: required API cloudfunctions.googleapis.com is enabled 
[debug] [2024-12-24T13:27:02.965Z] <<< [apiv2][status] GET https://serviceusage.googleapis.com/v1/projects/sushi-configurator/services/runtimeconfig.googleapis.com 200
[debug] [2024-12-24T13:27:02.965Z] <<< [apiv2][body] GET https://serviceusage.googleapis.com/v1/projects/sushi-configurator/services/runtimeconfig.googleapis.com [omitted]
[debug] [2024-12-24T13:27:02.988Z] <<< [apiv2][status] GET https://serviceusage.googleapis.com/v1/projects/sushi-configurator/services/cloudbuild.googleapis.com 200
[debug] [2024-12-24T13:27:02.988Z] <<< [apiv2][body] GET https://serviceusage.googleapis.com/v1/projects/sushi-configurator/services/cloudbuild.googleapis.com [omitted]
[info] ✔  functions: required API cloudbuild.googleapis.com is enabled 
[debug] [2024-12-24T13:27:03.085Z] <<< [apiv2][status] GET https://serviceusage.googleapis.com/v1/projects/sushi-configurator/services/artifactregistry.googleapis.com 200
[debug] [2024-12-24T13:27:03.086Z] <<< [apiv2][body] GET https://serviceusage.googleapis.com/v1/projects/sushi-configurator/services/artifactregistry.googleapis.com [omitted]
[info] ✔  artifactregistry: required API artifactregistry.googleapis.com is enabled 
[debug] [2024-12-24T13:27:03.086Z] Checked if tokens are valid: true, expires at: 1735050418836
[debug] [2024-12-24T13:27:03.086Z] Checked if tokens are valid: true, expires at: 1735050418836
[debug] [2024-12-24T13:27:03.086Z] >>> [apiv2][query] GET https://firebase.googleapis.com/v1beta1/projects/sushi-configurator/adminSdkConfig [none]
[debug] [2024-12-24T13:27:03.472Z] <<< [apiv2][status] GET https://firebase.googleapis.com/v1beta1/projects/sushi-configurator/adminSdkConfig 200
[debug] [2024-12-24T13:27:03.472Z] <<< [apiv2][body] GET https://firebase.googleapis.com/v1beta1/projects/sushi-configurator/adminSdkConfig {"projectId":"sushi-configurator","databaseURL":"https://sushi-configurator-default-rtdb.europe-west1.firebasedatabase.app","storageBucket":"sushi-configurator.firebasestorage.app"}
[debug] [2024-12-24T13:27:03.473Z] Checked if tokens are valid: true, expires at: 1735050418836
[debug] [2024-12-24T13:27:03.473Z] Checked if tokens are valid: true, expires at: 1735050418836
[debug] [2024-12-24T13:27:03.473Z] >>> [apiv2][query] GET https://runtimeconfig.googleapis.com/v1beta1/projects/sushi-configurator/configs [none]
[debug] [2024-12-24T13:27:03.781Z] <<< [apiv2][status] GET https://runtimeconfig.googleapis.com/v1beta1/projects/sushi-configurator/configs 200
[debug] [2024-12-24T13:27:03.781Z] <<< [apiv2][body] GET https://runtimeconfig.googleapis.com/v1beta1/projects/sushi-configurator/configs {}
[debug] [2024-12-24T13:27:03.783Z] Validating nodejs source
[warn] ⚠  functions: package.json indicates an outdated version of firebase-functions. Please upgrade using npm install --save firebase-functions@latest in your functions directory. 
[debug] [2024-12-24T13:27:04.278Z] > [functions] package.json contents: {
  "name": "functions",
  "description": "Cloud Functions for Firebase",
  "scripts": {
    "serve": "firebase emulators:start --only functions",
    "shell": "firebase functions:shell",
    "start": "npm run shell",
    "deploy": "firebase deploy --only functions",
    "logs": "firebase functions:log"
  },
  "engines": {
    "node": "18"
  },
  "main": "index.js",
  "dependencies": {
    "firebase-admin": "^12.6.0",
    "firebase-functions": "^6.0.1"
  },
  "devDependencies": {
    "firebase-functions-test": "^3.1.0"
  },
  "private": true
}
[debug] [2024-12-24T13:27:04.278Z] Building nodejs source
[info] i  functions: Loading and analyzing source code for codebase default to determine what to deploy 
[debug] [2024-12-24T13:27:04.279Z] Could not find functions.yaml. Must use http discovery
[debug] [2024-12-24T13:27:04.284Z] Found firebase-functions binary at '/Users/radimbohac/_fun/bundle-configurator/functions/node_modules/.bin/firebase-functions'
[info] Serving at port 8324

[debug] [2024-12-24T13:27:04.555Z] Got response from /__/functions.yaml {"endpoints":{},"specVersion":"v1alpha1","requiredAPIs":[],"extensions":{}}
[info] i  extensions: ensuring required API firebaseextensions.googleapis.com is enabled... 
[debug] [2024-12-24T13:27:08.566Z] Checked if tokens are valid: true, expires at: 1735050418836
[debug] [2024-12-24T13:27:08.566Z] Checked if tokens are valid: true, expires at: 1735050418836
[debug] [2024-12-24T13:27:08.566Z] >>> [apiv2][query] GET https://serviceusage.googleapis.com/v1/projects/sushi-configurator/services/firebaseextensions.googleapis.com [none]
[debug] [2024-12-24T13:27:08.566Z] >>> [apiv2][(partial)header] GET https://serviceusage.googleapis.com/v1/projects/sushi-configurator/services/firebaseextensions.googleapis.com x-goog-quota-user=projects/sushi-configurator
[debug] [2024-12-24T13:27:09.669Z] <<< [apiv2][status] GET https://serviceusage.googleapis.com/v1/projects/sushi-configurator/services/firebaseextensions.googleapis.com 200
[debug] [2024-12-24T13:27:09.669Z] <<< [apiv2][body] GET https://serviceusage.googleapis.com/v1/projects/sushi-configurator/services/firebaseextensions.googleapis.com [omitted]
[info] ✔  extensions: required API firebaseextensions.googleapis.com is enabled 
[debug] [2024-12-24T13:27:09.669Z] > command requires scopes: ["email","openid","https://www.googleapis.com/auth/cloudplatformprojects.readonly","https://www.googleapis.com/auth/firebase","https://www.googleapis.com/auth/cloud-platform"]
[debug] [2024-12-24T13:27:09.670Z] > authorizing via signed-in user (bohacradim01@gmail.com)
[debug] [2024-12-24T13:27:09.670Z] [iam] checking project sushi-configurator for permissions ["firebase.projects.get","firebaseextensions.instances.list"]
[debug] [2024-12-24T13:27:09.670Z] Checked if tokens are valid: true, expires at: 1735050418836
[debug] [2024-12-24T13:27:09.670Z] Checked if tokens are valid: true, expires at: 1735050418836
[debug] [2024-12-24T13:27:09.670Z] >>> [apiv2][query] POST https://cloudresourcemanager.googleapis.com/v1/projects/sushi-configurator:testIamPermissions [none]
[debug] [2024-12-24T13:27:09.670Z] >>> [apiv2][(partial)header] POST https://cloudresourcemanager.googleapis.com/v1/projects/sushi-configurator:testIamPermissions x-goog-quota-user=projects/sushi-configurator
[debug] [2024-12-24T13:27:09.670Z] >>> [apiv2][body] POST https://cloudresourcemanager.googleapis.com/v1/projects/sushi-configurator:testIamPermissions {"permissions":["firebase.projects.get","firebaseextensions.instances.list"]}
[debug] [2024-12-24T13:27:10.525Z] <<< [apiv2][status] POST https://cloudresourcemanager.googleapis.com/v1/projects/sushi-configurator:testIamPermissions 200
[debug] [2024-12-24T13:27:10.525Z] <<< [apiv2][body] POST https://cloudresourcemanager.googleapis.com/v1/projects/sushi-configurator:testIamPermissions {"permissions":["firebase.projects.get","firebaseextensions.instances.list"]}
[debug] [2024-12-24T13:27:10.526Z] Checked if tokens are valid: true, expires at: 1735050418836
[debug] [2024-12-24T13:27:10.526Z] Checked if tokens are valid: true, expires at: 1735050418836
[debug] [2024-12-24T13:27:10.527Z] >>> [apiv2][query] GET https://firebaseextensions.googleapis.com/v1beta/projects/sushi-configurator/instances pageSize=100&pageToken=
[debug] [2024-12-24T13:27:11.445Z] <<< [apiv2][status] GET https://firebaseextensions.googleapis.com/v1beta/projects/sushi-configurator/instances 200
[debug] [2024-12-24T13:27:11.445Z] <<< [apiv2][body] GET https://firebaseextensions.googleapis.com/v1beta/projects/sushi-configurator/instances {}
[debug] [2024-12-24T13:27:11.448Z] Checked if tokens are valid: true, expires at: 1735050418836
[debug] [2024-12-24T13:27:11.449Z] Checked if tokens are valid: true, expires at: 1735050418836
[debug] [2024-12-24T13:27:11.449Z] >>> [apiv2][query] GET https://cloudfunctions.googleapis.com/v1/projects/sushi-configurator/locations/-/functions [none]
[debug] [2024-12-24T13:27:12.159Z] <<< [apiv2][status] GET https://cloudfunctions.googleapis.com/v1/projects/sushi-configurator/locations/-/functions 200
[debug] [2024-12-24T13:27:12.160Z] <<< [apiv2][body] GET https://cloudfunctions.googleapis.com/v1/projects/sushi-configurator/locations/-/functions {}
[debug] [2024-12-24T13:27:12.160Z] Checked if tokens are valid: true, expires at: 1735050418836
[debug] [2024-12-24T13:27:12.161Z] Checked if tokens are valid: true, expires at: 1735050418836
[debug] [2024-12-24T13:27:12.161Z] >>> [apiv2][query] GET https://cloudfunctions.googleapis.com/v2/projects/sushi-configurator/locations/-/functions filter=environment%3D%22GEN_2%22
[debug] [2024-12-24T13:27:13.160Z] <<< [apiv2][status] GET https://cloudfunctions.googleapis.com/v2/projects/sushi-configurator/locations/-/functions 200
[debug] [2024-12-24T13:27:13.160Z] <<< [apiv2][body] GET https://cloudfunctions.googleapis.com/v2/projects/sushi-configurator/locations/-/functions {}
[debug] [2024-12-24T13:27:13.166Z] Checked if tokens are valid: true, expires at: 1735050418836
[debug] [2024-12-24T13:27:13.166Z] Checked if tokens are valid: true, expires at: 1735050418836
[debug] [2024-12-24T13:27:13.166Z] >>> [apiv2][query] POST https://firebasehosting.googleapis.com/v1beta1/projects/-/sites/sushi-configurator/versions [none]
[debug] [2024-12-24T13:27:13.166Z] >>> [apiv2][body] POST https://firebasehosting.googleapis.com/v1beta1/projects/-/sites/sushi-configurator/versions {"status":"CREATED","labels":{"deployment-tool":"cli-firebase"}}
[debug] [2024-12-24T13:27:15.132Z] <<< [apiv2][status] POST https://firebasehosting.googleapis.com/v1beta1/projects/-/sites/sushi-configurator/versions 200
[debug] [2024-12-24T13:27:15.132Z] <<< [apiv2][body] POST https://firebasehosting.googleapis.com/v1beta1/projects/-/sites/sushi-configurator/versions {"name":"projects/242810024741/sites/sushi-configurator/versions/7a7c0dbc933e504c","status":"CREATED","config":{},"labels":{"deployment-tool":"cli-firebase"}}
[debug] [2024-12-24T13:27:15.134Z] Checked if tokens are valid: true, expires at: 1735050418836
[debug] [2024-12-24T13:27:15.134Z] Checked if tokens are valid: true, expires at: 1735050418836
[debug] [2024-12-24T13:27:15.134Z] >>> [apiv2][query] GET https://cloudbilling.googleapis.com/v1/projects/sushi-configurator/billingInfo [none]
[debug] [2024-12-24T13:27:15.899Z] <<< [apiv2][status] GET https://cloudbilling.googleapis.com/v1/projects/sushi-configurator/billingInfo 200
[debug] [2024-12-24T13:27:15.900Z] <<< [apiv2][body] GET https://cloudbilling.googleapis.com/v1/projects/sushi-configurator/billingInfo {"name":"projects/sushi-configurator/billingInfo","projectId":"sushi-configurator","billingAccountName":"billingAccounts/0198BA-13C9FB-1B65D8","billingEnabled":true}
[info] i  hosting[sushi-configurator]: beginning deploy... 
[info] i  hosting[sushi-configurator]: found 26 files in build 
[debug] [2024-12-24T13:27:15.919Z] [hosting] uploading with 200 concurrency
[debug] [2024-12-24T13:27:16.873Z] Checked if tokens are valid: true, expires at: 1735050418836
[debug] [2024-12-24T13:27:16.873Z] Checked if tokens are valid: true, expires at: 1735050418836
[debug] [2024-12-24T13:27:16.874Z] [hosting] hash cache [YnVpbGQ] stored for 26 files
[debug] [2024-12-24T13:27:16.874Z] [hosting][hash queue][FINAL] {"max":951,"min":11,"avg":56.34615384615385,"active":0,"complete":26,"success":26,"errored":0,"retried":0,"total":26,"elapsed":954}
[debug] [2024-12-24T13:27:16.874Z] >>> [apiv2][query] POST https://firebasehosting.googleapis.com/v1beta1/projects/242810024741/sites/sushi-configurator/versions/7a7c0dbc933e504c:populateFiles [none]
[debug] [2024-12-24T13:27:16.874Z] >>> [apiv2][body] POST https://firebasehosting.googleapis.com/v1beta1/projects/242810024741/sites/sushi-configurator/versions/7a7c0dbc933e504c:populateFiles {"files":{"/index.html":"defff992417a8b5b4db3142e5ad9a2b9c7020f847d8f23fd7e9dcfb0aba31c08","/static/media/Klad_znamenko_Standard.1f90c28cedbd169fbef1c5cf8ed5c323.svg":"ce57eaf94ae38211a05d9953768887c4f13bbb724593799cd181713f6ff3bb9c","/static/media/Klad_znamenko_Basic.c9d1df697cbcc2cf10ecdcefa3b1cbc0.svg":"812bb718389cea6ec80016b52b45b3d2c5f630ce99cb368e03c115d71484df94","/static/media/Klad_znamenko_Premium.147b02201a5bc06be4d7723de643c053.svg":"00519e6e29c77a5fe40c9913731baf8ca9c2941d6e54bbd4b2d25090a1cb5abc","/asset-manifest.json":"8b88f545a8f7ae4c4f6d4a3ddb75865700d89dce66525531fb3e52f2e5d56c8d","/manifest.json":"480d53323378cc886d5393b793113797eeff43a9f8acb607672778b427b49672","/abra_favicon.ico":"6938823ca9fe699df3de46a28edc81f9edaf31d399c76f59bf1a6c4fb1fd0925","/static/js/main.60baf9a8.js.LICENSE.txt":"892563b73cd6b5aca69bf35a71dff2eec3f477278a50e4b7ec400143b6d70ae5","/static/js/453.0aabe027.chunk.js":"dfabfb449f869efa7e9060bf5af998b3b48d5a71af3953413e72547cb8cc3470","/static/js/213.e2de13c7.chunk.js.LICENSE.txt":"81b904d7bb33666461aca1d6b9803cc239097eea109e0a2bf65514b519123a2d","/static/js/213.e2de13c7.chunk.js":"3f4c8be8e70cb17cedb6950d4f0ab0286d3383a95feb935bfc2a765731e1d2ac","/static/js/453.0aabe027.chunk.js.map":"332fec453e64c2be4b3c520b5da2ae57ba114295fffd84ec665cc6ec5d78e655","/static/css/main.e3075533.css":"2b763ee1e8a30e7904e5022fe86f9f197d18ce5170bedeb9e30e2fb0fde43c90","/404.html":"05cbc6f94d7a69ce2e29646eab13be2c884e61ba93e3094df5028866876d18b3","/fonts/Roboto-Regular.ttf":"21a3535b7b6c8cc94ad857fd923239fa173b3aad96865497002166c7d91cd183","/static/css/main.e3075533.css.map":"938b84225f1f581b76f5bd05e4cb8dd70fc6bd21867a32eba5c06d324222c9a2","/fonts/Roboto-Bold.ttf":"af6e4e7fe114e518a65b5c7e696520c261cbdaabc4750607ac33a559b6929ff6","/static/js/213.e2de13c7.chunk.js.map":"0ab1c29e59cd4d542790dc40eab94b1bbd50e900819967e05fe7ef56018d671a","/static/media/ABRA_Color_Primary_transparent.c2b0d63390a672b03b53.png":"2e5944d9a227b657935344d11d533756d6d5d925012068060f05565251624936","/static/js/732.2570a114.chunk.js":"f387595792c827716596fd672c0e56e2cb3afd217ffb9a6a71262b5896fb55c0","/fonts/verdana.ttf":"f021daf85c221973ae686c5fc8dcf7eadd1664db05b61c789304610e9d777b28","/static/js/732.2570a114.chunk.js.map":"0c469a069fb7c5d3223ea8cc5bfba28cd8080987e7f9179fed8f43244f163981","/static/media/ABRA_Color_Primary.3afebe71f9f03808e992.jpg":"6437a8cc29b939d4f5e9d0c5201049794f93b58a04eabcd4e0ff63bdc016a616","/fonts/verdanab.ttf":"4bbfadd1d03f91a15d29077498153a549440351f72765ea83f412490545d9d98","/static/js/main.60baf9a8.js":"df93c822715a1d6b6102f5596e711931552cfe4b3afc50c58bfca2d8dd14c004","/static/js/main.60baf9a8.js.map":"118a7a3ebfe68d75784a02bac9c897e755f4c1997a25fc2d140d7a79c5cfb324"}}
[debug] [2024-12-24T13:27:17.514Z] <<< [apiv2][status] POST https://firebasehosting.googleapis.com/v1beta1/projects/242810024741/sites/sushi-configurator/versions/7a7c0dbc933e504c:populateFiles 200
[debug] [2024-12-24T13:27:17.514Z] <<< [apiv2][body] POST https://firebasehosting.googleapis.com/v1beta1/projects/242810024741/sites/sushi-configurator/versions/7a7c0dbc933e504c:populateFiles {"uploadRequiredHashes":["3f4c8be8e70cb17cedb6950d4f0ab0286d3383a95feb935bfc2a765731e1d2ac","21a3535b7b6c8cc94ad857fd923239fa173b3aad96865497002166c7d91cd183","df93c822715a1d6b6102f5596e711931552cfe4b3afc50c58bfca2d8dd14c004","332fec453e64c2be4b3c520b5da2ae57ba114295fffd84ec665cc6ec5d78e655","4bbfadd1d03f91a15d29077498153a549440351f72765ea83f412490545d9d98","dfabfb449f869efa7e9060bf5af998b3b48d5a71af3953413e72547cb8cc3470","2e5944d9a227b657935344d11d533756d6d5d925012068060f05565251624936","938b84225f1f581b76f5bd05e4cb8dd70fc6bd21867a32eba5c06d324222c9a2","af6e4e7fe114e518a65b5c7e696520c261cbdaabc4750607ac33a559b6929ff6","81b904d7bb33666461aca1d6b9803cc239097eea109e0a2bf65514b519123a2d","defff992417a8b5b4db3142e5ad9a2b9c7020f847d8f23fd7e9dcfb0aba31c08","2b763ee1e8a30e7904e5022fe86f9f197d18ce5170bedeb9e30e2fb0fde43c90","0ab1c29e59cd4d542790dc40eab94b1bbd50e900819967e05fe7ef56018d671a","118a7a3ebfe68d75784a02bac9c897e755f4c1997a25fc2d140d7a79c5cfb324","892563b73cd6b5aca69bf35a71dff2eec3f477278a50e4b7ec400143b6d70ae5","0c469a069fb7c5d3223ea8cc5bfba28cd8080987e7f9179fed8f43244f163981","8b88f545a8f7ae4c4f6d4a3ddb75865700d89dce66525531fb3e52f2e5d56c8d","f021daf85c221973ae686c5fc8dcf7eadd1664db05b61c789304610e9d777b28","f387595792c827716596fd672c0e56e2cb3afd217ffb9a6a71262b5896fb55c0"],"uploadUrl":"https://upload-firebasehosting.googleapis.com/upload/sites/sushi-configurator/versions/7a7c0dbc933e504c/files"}
[debug] [2024-12-24T13:27:17.515Z] Checked if tokens are valid: true, expires at: 1735050418836
[debug] [2024-12-24T13:27:17.515Z] Checked if tokens are valid: true, expires at: 1735050418836
[debug] [2024-12-24T13:27:17.515Z] Checked if tokens are valid: true, expires at: 1735050418836
[debug] [2024-12-24T13:27:17.515Z] Checked if tokens are valid: true, expires at: 1735050418836
[debug] [2024-12-24T13:27:17.516Z] Checked if tokens are valid: true, expires at: 1735050418836
[debug] [2024-12-24T13:27:17.516Z] Checked if tokens are valid: true, expires at: 1735050418836
[debug] [2024-12-24T13:27:17.516Z] Checked if tokens are valid: true, expires at: 1735050418836
[debug] [2024-12-24T13:27:17.516Z] Checked if tokens are valid: true, expires at: 1735050418836
[debug] [2024-12-24T13:27:17.516Z] Checked if tokens are valid: true, expires at: 1735050418836
[debug] [2024-12-24T13:27:17.516Z] Checked if tokens are valid: true, expires at: 1735050418836
[debug] [2024-12-24T13:27:17.516Z] Checked if tokens are valid: true, expires at: 1735050418836
[debug] [2024-12-24T13:27:17.516Z] Checked if tokens are valid: true, expires at: 1735050418836
[debug] [2024-12-24T13:27:17.516Z] Checked if tokens are valid: true, expires at: 1735050418836
[debug] [2024-12-24T13:27:17.516Z] Checked if tokens are valid: true, expires at: 1735050418836
[debug] [2024-12-24T13:27:17.516Z] Checked if tokens are valid: true, expires at: 1735050418836
[debug] [2024-12-24T13:27:17.516Z] Checked if tokens are valid: true, expires at: 1735050418836
[debug] [2024-12-24T13:27:17.517Z] Checked if tokens are valid: true, expires at: 1735050418836
[debug] [2024-12-24T13:27:17.517Z] Checked if tokens are valid: true, expires at: 1735050418836
[debug] [2024-12-24T13:27:17.517Z] Checked if tokens are valid: true, expires at: 1735050418836
[debug] [2024-12-24T13:27:17.517Z] Checked if tokens are valid: true, expires at: 1735050418836
[debug] [2024-12-24T13:27:17.517Z] Checked if tokens are valid: true, expires at: 1735050418836
[debug] [2024-12-24T13:27:17.517Z] Checked if tokens are valid: true, expires at: 1735050418836
[debug] [2024-12-24T13:27:17.517Z] Checked if tokens are valid: true, expires at: 1735050418836
[debug] [2024-12-24T13:27:17.517Z] Checked if tokens are valid: true, expires at: 1735050418836
[debug] [2024-12-24T13:27:17.517Z] Checked if tokens are valid: true, expires at: 1735050418836
[debug] [2024-12-24T13:27:17.519Z] Checked if tokens are valid: true, expires at: 1735050418836
[debug] [2024-12-24T13:27:17.519Z] Checked if tokens are valid: true, expires at: 1735050418836
[debug] [2024-12-24T13:27:17.519Z] Checked if tokens are valid: true, expires at: 1735050418836
[debug] [2024-12-24T13:27:17.519Z] Checked if tokens are valid: true, expires at: 1735050418836
[debug] [2024-12-24T13:27:17.519Z] Checked if tokens are valid: true, expires at: 1735050418836
[debug] [2024-12-24T13:27:17.519Z] Checked if tokens are valid: true, expires at: 1735050418836
[debug] [2024-12-24T13:27:17.519Z] Checked if tokens are valid: true, expires at: 1735050418836
[debug] [2024-12-24T13:27:17.519Z] Checked if tokens are valid: true, expires at: 1735050418836
[debug] [2024-12-24T13:27:17.519Z] Checked if tokens are valid: true, expires at: 1735050418836
[debug] [2024-12-24T13:27:17.520Z] Checked if tokens are valid: true, expires at: 1735050418836
[debug] [2024-12-24T13:27:17.520Z] Checked if tokens are valid: true, expires at: 1735050418836
[debug] [2024-12-24T13:27:17.520Z] Checked if tokens are valid: true, expires at: 1735050418836
[debug] [2024-12-24T13:27:17.520Z] Checked if tokens are valid: true, expires at: 1735050418836
[debug] [2024-12-24T13:27:17.520Z] >>> [apiv2][query] POST https://upload-firebasehosting.googleapis.com/upload/sites/sushi-configurator/versions/7a7c0dbc933e504c/files/3f4c8be8e70cb17cedb6950d4f0ab0286d3383a95feb935bfc2a765731e1d2ac [none]
[debug] [2024-12-24T13:27:17.520Z] >>> [apiv2][body] POST https://upload-firebasehosting.googleapis.com/upload/sites/sushi-configurator/versions/7a7c0dbc933e504c/files/3f4c8be8e70cb17cedb6950d4f0ab0286d3383a95feb935bfc2a765731e1d2ac [stream]
[debug] [2024-12-24T13:27:17.521Z] >>> [apiv2][query] POST https://upload-firebasehosting.googleapis.com/upload/sites/sushi-configurator/versions/7a7c0dbc933e504c/files/21a3535b7b6c8cc94ad857fd923239fa173b3aad96865497002166c7d91cd183 [none]
[debug] [2024-12-24T13:27:17.521Z] >>> [apiv2][body] POST https://upload-firebasehosting.googleapis.com/upload/sites/sushi-configurator/versions/7a7c0dbc933e504c/files/21a3535b7b6c8cc94ad857fd923239fa173b3aad96865497002166c7d91cd183 [stream]
[debug] [2024-12-24T13:27:17.521Z] >>> [apiv2][query] POST https://upload-firebasehosting.googleapis.com/upload/sites/sushi-configurator/versions/7a7c0dbc933e504c/files/df93c822715a1d6b6102f5596e711931552cfe4b3afc50c58bfca2d8dd14c004 [none]
[debug] [2024-12-24T13:27:17.521Z] >>> [apiv2][body] POST https://upload-firebasehosting.googleapis.com/upload/sites/sushi-configurator/versions/7a7c0dbc933e504c/files/df93c822715a1d6b6102f5596e711931552cfe4b3afc50c58bfca2d8dd14c004 [stream]
[debug] [2024-12-24T13:27:17.521Z] >>> [apiv2][query] POST https://upload-firebasehosting.googleapis.com/upload/sites/sushi-configurator/versions/7a7c0dbc933e504c/files/332fec453e64c2be4b3c520b5da2ae57ba114295fffd84ec665cc6ec5d78e655 [none]
[debug] [2024-12-24T13:27:17.521Z] >>> [apiv2][body] POST https://upload-firebasehosting.googleapis.com/upload/sites/sushi-configurator/versions/7a7c0dbc933e504c/files/332fec453e64c2be4b3c520b5da2ae57ba114295fffd84ec665cc6ec5d78e655 [stream]
[debug] [2024-12-24T13:27:17.522Z] >>> [apiv2][query] POST https://upload-firebasehosting.googleapis.com/upload/sites/sushi-configurator/versions/7a7c0dbc933e504c/files/4bbfadd1d03f91a15d29077498153a549440351f72765ea83f412490545d9d98 [none]
[debug] [2024-12-24T13:27:17.522Z] >>> [apiv2][body] POST https://upload-firebasehosting.googleapis.com/upload/sites/sushi-configurator/versions/7a7c0dbc933e504c/files/4bbfadd1d03f91a15d29077498153a549440351f72765ea83f412490545d9d98 [stream]
[debug] [2024-12-24T13:27:17.522Z] >>> [apiv2][query] POST https://upload-firebasehosting.googleapis.com/upload/sites/sushi-configurator/versions/7a7c0dbc933e504c/files/dfabfb449f869efa7e9060bf5af998b3b48d5a71af3953413e72547cb8cc3470 [none]
[debug] [2024-12-24T13:27:17.522Z] >>> [apiv2][body] POST https://upload-firebasehosting.googleapis.com/upload/sites/sushi-configurator/versions/7a7c0dbc933e504c/files/dfabfb449f869efa7e9060bf5af998b3b48d5a71af3953413e72547cb8cc3470 [stream]
[debug] [2024-12-24T13:27:17.522Z] >>> [apiv2][query] POST https://upload-firebasehosting.googleapis.com/upload/sites/sushi-configurator/versions/7a7c0dbc933e504c/files/2e5944d9a227b657935344d11d533756d6d5d925012068060f05565251624936 [none]
[debug] [2024-12-24T13:27:17.522Z] >>> [apiv2][body] POST https://upload-firebasehosting.googleapis.com/upload/sites/sushi-configurator/versions/7a7c0dbc933e504c/files/2e5944d9a227b657935344d11d533756d6d5d925012068060f05565251624936 [stream]
[debug] [2024-12-24T13:27:17.523Z] >>> [apiv2][query] POST https://upload-firebasehosting.googleapis.com/upload/sites/sushi-configurator/versions/7a7c0dbc933e504c/files/938b84225f1f581b76f5bd05e4cb8dd70fc6bd21867a32eba5c06d324222c9a2 [none]
[debug] [2024-12-24T13:27:17.523Z] >>> [apiv2][body] POST https://upload-firebasehosting.googleapis.com/upload/sites/sushi-configurator/versions/7a7c0dbc933e504c/files/938b84225f1f581b76f5bd05e4cb8dd70fc6bd21867a32eba5c06d324222c9a2 [stream]
[debug] [2024-12-24T13:27:17.523Z] >>> [apiv2][query] POST https://upload-firebasehosting.googleapis.com/upload/sites/sushi-configurator/versions/7a7c0dbc933e504c/files/af6e4e7fe114e518a65b5c7e696520c261cbdaabc4750607ac33a559b6929ff6 [none]
[debug] [2024-12-24T13:27:17.523Z] >>> [apiv2][body] POST https://upload-firebasehosting.googleapis.com/upload/sites/sushi-configurator/versions/7a7c0dbc933e504c/files/af6e4e7fe114e518a65b5c7e696520c261cbdaabc4750607ac33a559b6929ff6 [stream]
[debug] [2024-12-24T13:27:17.523Z] >>> [apiv2][query] POST https://upload-firebasehosting.googleapis.com/upload/sites/sushi-configurator/versions/7a7c0dbc933e504c/files/81b904d7bb33666461aca1d6b9803cc239097eea109e0a2bf65514b519123a2d [none]
[debug] [2024-12-24T13:27:17.523Z] >>> [apiv2][body] POST https://upload-firebasehosting.googleapis.com/upload/sites/sushi-configurator/versions/7a7c0dbc933e504c/files/81b904d7bb33666461aca1d6b9803cc239097eea109e0a2bf65514b519123a2d [stream]
[debug] [2024-12-24T13:27:17.524Z] >>> [apiv2][query] POST https://upload-firebasehosting.googleapis.com/upload/sites/sushi-configurator/versions/7a7c0dbc933e504c/files/defff992417a8b5b4db3142e5ad9a2b9c7020f847d8f23fd7e9dcfb0aba31c08 [none]
[debug] [2024-12-24T13:27:17.524Z] >>> [apiv2][body] POST https://upload-firebasehosting.googleapis.com/upload/sites/sushi-configurator/versions/7a7c0dbc933e504c/files/defff992417a8b5b4db3142e5ad9a2b9c7020f847d8f23fd7e9dcfb0aba31c08 [stream]
[debug] [2024-12-24T13:27:17.524Z] >>> [apiv2][query] POST https://upload-firebasehosting.googleapis.com/upload/sites/sushi-configurator/versions/7a7c0dbc933e504c/files/2b763ee1e8a30e7904e5022fe86f9f197d18ce5170bedeb9e30e2fb0fde43c90 [none]
[debug] [2024-12-24T13:27:17.524Z] >>> [apiv2][body] POST https://upload-firebasehosting.googleapis.com/upload/sites/sushi-configurator/versions/7a7c0dbc933e504c/files/2b763ee1e8a30e7904e5022fe86f9f197d18ce5170bedeb9e30e2fb0fde43c90 [stream]
[debug] [2024-12-24T13:27:17.525Z] >>> [apiv2][query] POST https://upload-firebasehosting.googleapis.com/upload/sites/sushi-configurator/versions/7a7c0dbc933e504c/files/0ab1c29e59cd4d542790dc40eab94b1bbd50e900819967e05fe7ef56018d671a [none]
[debug] [2024-12-24T13:27:17.525Z] >>> [apiv2][body] POST https://upload-firebasehosting.googleapis.com/upload/sites/sushi-configurator/versions/7a7c0dbc933e504c/files/0ab1c29e59cd4d542790dc40eab94b1bbd50e900819967e05fe7ef56018d671a [stream]
[debug] [2024-12-24T13:27:17.525Z] >>> [apiv2][query] POST https://upload-firebasehosting.googleapis.com/upload/sites/sushi-configurator/versions/7a7c0dbc933e504c/files/118a7a3ebfe68d75784a02bac9c897e755f4c1997a25fc2d140d7a79c5cfb324 [none]
[debug] [2024-12-24T13:27:17.525Z] >>> [apiv2][body] POST https://upload-firebasehosting.googleapis.com/upload/sites/sushi-configurator/versions/7a7c0dbc933e504c/files/118a7a3ebfe68d75784a02bac9c897e755f4c1997a25fc2d140d7a79c5cfb324 [stream]
[debug] [2024-12-24T13:27:17.525Z] >>> [apiv2][query] POST https://upload-firebasehosting.googleapis.com/upload/sites/sushi-configurator/versions/7a7c0dbc933e504c/files/892563b73cd6b5aca69bf35a71dff2eec3f477278a50e4b7ec400143b6d70ae5 [none]
[debug] [2024-12-24T13:27:17.525Z] >>> [apiv2][body] POST https://upload-firebasehosting.googleapis.com/upload/sites/sushi-configurator/versions/7a7c0dbc933e504c/files/892563b73cd6b5aca69bf35a71dff2eec3f477278a50e4b7ec400143b6d70ae5 [stream]
[debug] [2024-12-24T13:27:17.526Z] >>> [apiv2][query] POST https://upload-firebasehosting.googleapis.com/upload/sites/sushi-configurator/versions/7a7c0dbc933e504c/files/0c469a069fb7c5d3223ea8cc5bfba28cd8080987e7f9179fed8f43244f163981 [none]
[debug] [2024-12-24T13:27:17.526Z] >>> [apiv2][body] POST https://upload-firebasehosting.googleapis.com/upload/sites/sushi-configurator/versions/7a7c0dbc933e504c/files/0c469a069fb7c5d3223ea8cc5bfba28cd8080987e7f9179fed8f43244f163981 [stream]
[debug] [2024-12-24T13:27:17.526Z] >>> [apiv2][query] POST https://upload-firebasehosting.googleapis.com/upload/sites/sushi-configurator/versions/7a7c0dbc933e504c/files/8b88f545a8f7ae4c4f6d4a3ddb75865700d89dce66525531fb3e52f2e5d56c8d [none]
[debug] [2024-12-24T13:27:17.526Z] >>> [apiv2][body] POST https://upload-firebasehosting.googleapis.com/upload/sites/sushi-configurator/versions/7a7c0dbc933e504c/files/8b88f545a8f7ae4c4f6d4a3ddb75865700d89dce66525531fb3e52f2e5d56c8d [stream]
[debug] [2024-12-24T13:27:17.526Z] >>> [apiv2][query] POST https://upload-firebasehosting.googleapis.com/upload/sites/sushi-configurator/versions/7a7c0dbc933e504c/files/f021daf85c221973ae686c5fc8dcf7eadd1664db05b61c789304610e9d777b28 [none]
[debug] [2024-12-24T13:27:17.526Z] >>> [apiv2][body] POST https://upload-firebasehosting.googleapis.com/upload/sites/sushi-configurator/versions/7a7c0dbc933e504c/files/f021daf85c221973ae686c5fc8dcf7eadd1664db05b61c789304610e9d777b28 [stream]
[debug] [2024-12-24T13:27:17.527Z] >>> [apiv2][query] POST https://upload-firebasehosting.googleapis.com/upload/sites/sushi-configurator/versions/7a7c0dbc933e504c/files/f387595792c827716596fd672c0e56e2cb3afd217ffb9a6a71262b5896fb55c0 [none]
[debug] [2024-12-24T13:27:17.527Z] >>> [apiv2][body] POST https://upload-firebasehosting.googleapis.com/upload/sites/sushi-configurator/versions/7a7c0dbc933e504c/files/f387595792c827716596fd672c0e56e2cb3afd217ffb9a6a71262b5896fb55c0 [stream]
[debug] [2024-12-24T13:27:17.527Z] [hosting][populate queue][FINAL] {"max":647,"min":647,"avg":647,"active":0,"complete":1,"success":1,"errored":0,"retried":0,"total":1,"elapsed":654}
[debug] [2024-12-24T13:27:17.527Z] [hosting] uploads queued: 19
[debug] [2024-12-24T13:27:19.072Z] <<< [apiv2][status] POST https://upload-firebasehosting.googleapis.com/upload/sites/sushi-configurator/versions/7a7c0dbc933e504c/files/3f4c8be8e70cb17cedb6950d4f0ab0286d3383a95feb935bfc2a765731e1d2ac 200
[debug] [2024-12-24T13:27:19.072Z] <<< [apiv2][body] POST https://upload-firebasehosting.googleapis.com/upload/sites/sushi-configurator/versions/7a7c0dbc933e504c/files/3f4c8be8e70cb17cedb6950d4f0ab0286d3383a95feb935bfc2a765731e1d2ac [stream]
[debug] [2024-12-24T13:27:19.080Z] <<< [apiv2][status] POST https://upload-firebasehosting.googleapis.com/upload/sites/sushi-configurator/versions/7a7c0dbc933e504c/files/21a3535b7b6c8cc94ad857fd923239fa173b3aad96865497002166c7d91cd183 200
[debug] [2024-12-24T13:27:19.080Z] <<< [apiv2][body] POST https://upload-firebasehosting.googleapis.com/upload/sites/sushi-configurator/versions/7a7c0dbc933e504c/files/21a3535b7b6c8cc94ad857fd923239fa173b3aad96865497002166c7d91cd183 [stream]
[debug] [2024-12-24T13:27:19.226Z] <<< [apiv2][status] POST https://upload-firebasehosting.googleapis.com/upload/sites/sushi-configurator/versions/7a7c0dbc933e504c/files/938b84225f1f581b76f5bd05e4cb8dd70fc6bd21867a32eba5c06d324222c9a2 200
[debug] [2024-12-24T13:27:19.226Z] <<< [apiv2][body] POST https://upload-firebasehosting.googleapis.com/upload/sites/sushi-configurator/versions/7a7c0dbc933e504c/files/938b84225f1f581b76f5bd05e4cb8dd70fc6bd21867a32eba5c06d324222c9a2 [stream]
[debug] [2024-12-24T13:27:19.260Z] <<< [apiv2][status] POST https://upload-firebasehosting.googleapis.com/upload/sites/sushi-configurator/versions/7a7c0dbc933e504c/files/2b763ee1e8a30e7904e5022fe86f9f197d18ce5170bedeb9e30e2fb0fde43c90 200
[debug] [2024-12-24T13:27:19.260Z] <<< [apiv2][body] POST https://upload-firebasehosting.googleapis.com/upload/sites/sushi-configurator/versions/7a7c0dbc933e504c/files/2b763ee1e8a30e7904e5022fe86f9f197d18ce5170bedeb9e30e2fb0fde43c90 [stream]
[debug] [2024-12-24T13:27:19.286Z] <<< [apiv2][status] POST https://upload-firebasehosting.googleapis.com/upload/sites/sushi-configurator/versions/7a7c0dbc933e504c/files/dfabfb449f869efa7e9060bf5af998b3b48d5a71af3953413e72547cb8cc3470 200
[debug] [2024-12-24T13:27:19.286Z] <<< [apiv2][body] POST https://upload-firebasehosting.googleapis.com/upload/sites/sushi-configurator/versions/7a7c0dbc933e504c/files/dfabfb449f869efa7e9060bf5af998b3b48d5a71af3953413e72547cb8cc3470 [stream]
[debug] [2024-12-24T13:27:19.455Z] <<< [apiv2][status] POST https://upload-firebasehosting.googleapis.com/upload/sites/sushi-configurator/versions/7a7c0dbc933e504c/files/af6e4e7fe114e518a65b5c7e696520c261cbdaabc4750607ac33a559b6929ff6 200
[debug] [2024-12-24T13:27:19.455Z] <<< [apiv2][body] POST https://upload-firebasehosting.googleapis.com/upload/sites/sushi-configurator/versions/7a7c0dbc933e504c/files/af6e4e7fe114e518a65b5c7e696520c261cbdaabc4750607ac33a559b6929ff6 [stream]
[debug] [2024-12-24T13:27:19.513Z] <<< [apiv2][status] POST https://upload-firebasehosting.googleapis.com/upload/sites/sushi-configurator/versions/7a7c0dbc933e504c/files/332fec453e64c2be4b3c520b5da2ae57ba114295fffd84ec665cc6ec5d78e655 200
[debug] [2024-12-24T13:27:19.513Z] <<< [apiv2][body] POST https://upload-firebasehosting.googleapis.com/upload/sites/sushi-configurator/versions/7a7c0dbc933e504c/files/332fec453e64c2be4b3c520b5da2ae57ba114295fffd84ec665cc6ec5d78e655 [stream]
[debug] [2024-12-24T13:27:19.856Z] <<< [apiv2][status] POST https://upload-firebasehosting.googleapis.com/upload/sites/sushi-configurator/versions/7a7c0dbc933e504c/files/81b904d7bb33666461aca1d6b9803cc239097eea109e0a2bf65514b519123a2d 200
[debug] [2024-12-24T13:27:19.856Z] <<< [apiv2][body] POST https://upload-firebasehosting.googleapis.com/upload/sites/sushi-configurator/versions/7a7c0dbc933e504c/files/81b904d7bb33666461aca1d6b9803cc239097eea109e0a2bf65514b519123a2d [stream]
[debug] [2024-12-24T13:27:19.896Z] <<< [apiv2][status] POST https://upload-firebasehosting.googleapis.com/upload/sites/sushi-configurator/versions/7a7c0dbc933e504c/files/892563b73cd6b5aca69bf35a71dff2eec3f477278a50e4b7ec400143b6d70ae5 200
[debug] [2024-12-24T13:27:19.896Z] <<< [apiv2][body] POST https://upload-firebasehosting.googleapis.com/upload/sites/sushi-configurator/versions/7a7c0dbc933e504c/files/892563b73cd6b5aca69bf35a71dff2eec3f477278a50e4b7ec400143b6d70ae5 [stream]
[debug] [2024-12-24T13:27:20.330Z] <<< [apiv2][status] POST https://upload-firebasehosting.googleapis.com/upload/sites/sushi-configurator/versions/7a7c0dbc933e504c/files/defff992417a8b5b4db3142e5ad9a2b9c7020f847d8f23fd7e9dcfb0aba31c08 200
[debug] [2024-12-24T13:27:20.331Z] <<< [apiv2][body] POST https://upload-firebasehosting.googleapis.com/upload/sites/sushi-configurator/versions/7a7c0dbc933e504c/files/defff992417a8b5b4db3142e5ad9a2b9c7020f847d8f23fd7e9dcfb0aba31c08 [stream]
[debug] [2024-12-24T13:27:20.359Z] <<< [apiv2][status] POST https://upload-firebasehosting.googleapis.com/upload/sites/sushi-configurator/versions/7a7c0dbc933e504c/files/8b88f545a8f7ae4c4f6d4a3ddb75865700d89dce66525531fb3e52f2e5d56c8d 200
[debug] [2024-12-24T13:27:20.359Z] <<< [apiv2][body] POST https://upload-firebasehosting.googleapis.com/upload/sites/sushi-configurator/versions/7a7c0dbc933e504c/files/8b88f545a8f7ae4c4f6d4a3ddb75865700d89dce66525531fb3e52f2e5d56c8d [stream]
[debug] [2024-12-24T13:27:21.662Z] <<< [apiv2][status] POST https://upload-firebasehosting.googleapis.com/upload/sites/sushi-configurator/versions/7a7c0dbc933e504c/files/0ab1c29e59cd4d542790dc40eab94b1bbd50e900819967e05fe7ef56018d671a 200
[debug] [2024-12-24T13:27:21.662Z] <<< [apiv2][body] POST https://upload-firebasehosting.googleapis.com/upload/sites/sushi-configurator/versions/7a7c0dbc933e504c/files/0ab1c29e59cd4d542790dc40eab94b1bbd50e900819967e05fe7ef56018d671a [stream]
